<?xml version="1.0" encoding="UTF-8"?>
<!-- Generated by org.testng.reporters.JUnitXMLReporter -->
<testsuite ignored="3" hostname="SANTHOSH" failures="2" tests="2" name="Login Details" time="16.841" errors="0" timestamp="25 Feb 2024 07:48:56 GMT">
  <testcase classname="TestTestNgWithSelenium.Selenium.LoginFunctionality" name="validUserNameValidPassword" time="0.024">
    <failure type="java.lang.NullPointerException" message="Cannot invoke &amp;quot;org.openqa.selenium.WebDriver.findElement(org.openqa.selenium.By)&amp;quot; because &amp;quot;this.driver&amp;quot; is null">
      <![CDATA[java.lang.NullPointerException: Cannot invoke "org.openqa.selenium.WebDriver.findElement(org.openqa.selenium.By)" because "this.driver" is null
	at TestTestNgWithSelenium.Selenium.LoginFunctionality.validUserNameValidPassword(LoginFunctionality.java:28)
... Removed 25 stack frames]]>
    </failure>
  </testcase> <!-- validUserNameValidPassword -->
  <testcase classname="TestTestNgWithSelenium.Selenium.LoginFunctionality" name="successFullyLogined" time="0.017">
    <failure type="java.lang.NullPointerException" message="Cannot invoke &amp;quot;org.openqa.selenium.WebDriver.findElement(org.openqa.selenium.By)&amp;quot; because &amp;quot;this.driver&amp;quot; is null">
      <![CDATA[java.lang.NullPointerException: Cannot invoke "org.openqa.selenium.WebDriver.findElement(org.openqa.selenium.By)" because "this.driver" is null
	at TestTestNgWithSelenium.Selenium.LoginFunctionality.successFullyLogined(LoginFunctionality.java:35)
... Removed 25 stack frames]]>
    </failure>
  </testcase> <!-- successFullyLogined -->
  <testcase classname="TestTestNgWithSelenium.Selenium.LoginFunctionality" name="InvalidUserNameValidPassword" time="0.0">
    <ignored/>
  </testcase> <!-- InvalidUserNameValidPassword -->
  <testcase classname="TestTestNgWithSelenium.Selenium.LoginFunctionality" name="validUserNameInValidPassword" time="0.0">
    <ignored/>
  </testcase> <!-- validUserNameInValidPassword -->
  <testcase classname="TestTestNgWithSelenium.Selenium.LoginFunctionality" name="InvalidUserNameInValidPassword" time="0.0">
    <ignored/>
  </testcase> <!-- InvalidUserNameInValidPassword -->
</testsuite> <!-- Login Details -->
